taskoapp/build/app/outputs/mapping/release/seeds.txt
androidmonks.com.example.tasko_app.MainActivity
androidmonks.com.example.tasko_app.MainActivity: MainActivity()
androidmonks.com.example.tasko_app.R$attr: int adSize
androidmonks.com.example.tasko_app.R$attr: int adSizes
androidmonks.com.example.tasko_app.R$attr: int adUnitId
androidmonks.com.example.tasko_app.R$attr: int buttonSize
androidmonks.com.example.tasko_app.R$attr: int circleCrop
androidmonks.com.example.tasko_app.R$attr: int colorScheme
androidmonks.com.example.tasko_app.R$attr: int font
androidmonks.com.example.tasko_app.R$attr: int fontProviderAuthority
androidmonks.com.example.tasko_app.R$attr: int fontProviderCerts
androidmonks.com.example.tasko_app.R$attr: int fontProviderFetchStrategy
androidmonks.com.example.tasko_app.R$attr: int fontProviderFetchTimeout
androidmonks.com.example.tasko_app.R$attr: int fontProviderPackage
androidmonks.com.example.tasko_app.R$attr: int fontProviderQuery
androidmonks.com.example.tasko_app.R$attr: int fontStyle
androidmonks.com.example.tasko_app.R$attr: int fontWeight
androidmonks.com.example.tasko_app.R$attr: int imageAspectRatio
androidmonks.com.example.tasko_app.R$attr: int imageAspectRatioAdjust
androidmonks.com.example.tasko_app.R$attr: int scopeUris
androidmonks.com.example.tasko_app.R$bool: int abc_action_bar_embed_tabs
androidmonks.com.example.tasko_app.R$color: int common_google_signin_btn_text_dark
androidmonks.com.example.tasko_app.R$color: int common_google_signin_btn_text_dark_default
androidmonks.com.example.tasko_app.R$color: int common_google_signin_btn_text_dark_disabled
androidmonks.com.example.tasko_app.R$color: int common_google_signin_btn_text_dark_focused
androidmonks.com.example.tasko_app.R$color: int common_google_signin_btn_text_dark_pressed
androidmonks.com.example.tasko_app.R$color: int common_google_signin_btn_text_light
androidmonks.com.example.tasko_app.R$color: int common_google_signin_btn_text_light_default
androidmonks.com.example.tasko_app.R$color: int common_google_signin_btn_text_light_disabled
androidmonks.com.example.tasko_app.R$color: int common_google_signin_btn_text_light_focused
androidmonks.com.example.tasko_app.R$color: int common_google_signin_btn_text_light_pressed
androidmonks.com.example.tasko_app.R$color: int common_google_signin_btn_tint
androidmonks.com.example.tasko_app.R$color: int notification_action_color_filter
androidmonks.com.example.tasko_app.R$color: int notification_icon_bg_color
androidmonks.com.example.tasko_app.R$color: int notification_material_background_media_default_color
androidmonks.com.example.tasko_app.R$color: int primary_text_default_material_dark
androidmonks.com.example.tasko_app.R$color: int ripple_material_light
androidmonks.com.example.tasko_app.R$color: int secondary_text_default_material_dark
...
com.google.android.gms.measurement.AppMeasurement$ConditionalUserProperty
com.google.android.gms.measurement.AppMeasurement$ConditionalUserProperty: java.lang.String mAppId
com.google.android.gms.measurement.AppMeasurement$ConditionalUserProperty: java.lang.String mOrigin
com.google.android.gms.measurement.AppMeasurement$ConditionalUserProperty: java.lang.String mName
com.google.android.gms.measurement.AppMeasurement$ConditionalUserProperty: java.lang.Object mValue
com.google.android.gms.measurement.AppMeasurement$ConditionalUserProperty: java.lang.String mTriggerEventName
com.google.android.gms.measurement.AppMeasurement$ConditionalUserProperty: long mTriggerTimeout
com.google.android.gms.measurement.AppMeasurement$ConditionalUserProperty: java.lang.String mTimedOutEventName
com.google.android.gms.measurement.AppMeasurement$ConditionalUserProperty: android.os.Bundle mTimedOutEventParams
com.google.android.gms.measurement.AppMeasurement$ConditionalUserProperty: java.lang.String mTriggeredEventName
com.google.android.gms.measurement.AppMeasurement$ConditionalUserProperty: android.os.Bundle mTriggeredEventParams
com.google.android.gms.measurement.AppMeasurement$ConditionalUserProperty: long mTimeToLive
com.google.android.gms.measurement.AppMeasurement$ConditionalUserProperty: java.lang.String mExpiredEventName
com.google.android.gms.measurement.AppMeasurement$ConditionalUserProperty: android.os.Bundle mExpiredEventParams
com.google.android.gms.measurement.AppMeasurementInstallReferrerReceiver
com.google.android.gms.measurement.AppMeasurementInstallReferrerReceiver: AppMeasurementInstallReferrerReceiver()
com.google.android.gms.measurement.AppMeasurementJobService
com.google.android.gms.measurement.AppMeasurementJobService: AppMeasurementJobService()
com.google.android.gms.measurement.AppMeasurementReceiver
com.google.android.gms.measurement.AppMeasurementReceiver: AppMeasurementReceiver()
com.google.android.gms.measurement.AppMeasurementService
com.google.android.gms.measurement.AppMeasurementService: AppMeasurementService()
com.google.android.gms.measurement.internal.zzaa: android.os.Parcelable$Creator CREATOR
com.google.android.gms.measurement.internal.zzad: android.os.Parcelable$Creator CREATOR
com.google.android.gms.measurement.internal.zzfh: android.os.Parcelable$Creator CREATOR
com.google.android.gms.measurement.internal.zzh: android.os.Parcelable$Creator CREATOR
com.google.android.gms.measurement.internal.zzl: android.os.Parcelable$Creator CREATOR
com.google.android.gms.signin.internal.zaa: android.os.Parcelable$Creator CREATOR
com.google.android.gms.signin.internal.zah: android.os.Parcelable$Creator CREATOR
com.google.android.gms.signin.internal.zaj: android.os.Parcelable$Creator CREATOR
com.google.firebase.R$attr: int font
com.google.firebase.R$attr: int fontProviderAuthority
com.google.firebase.R$attr: int fontProviderCerts
com.google.firebase.R$attr: int fontProviderFetchStrategy
com.google.firebase.R$attr: int fontProviderFetchTimeout
com.google.firebase.R$attr: int fontProviderPackage
com.google.firebase.R$attr: int fontProviderQuery
com.google.firebase.R$attr: int fontStyle
com.google.firebase.R$attr: int fontWeight
com.google.firebase.R$bool: int abc_action_bar_embed_tabs
com.google.firebase.R$color: int notification_action_color_filter
com.google.firebase.R$color: int notification_icon_bg_color
com.google.firebase.R$color: int notification_material_background_media_default_color
com.google.firebase.R$color: int primary_text_default_material_dark
com.google.firebase.R$color: int ripple_material_light
com.google.firebase.R$color: int secondary_text_default_material_dark
com.google.firebase.R$color: int secondary_text_default_material_light