taskoapp/build/app/outputs/mapping/release/mapping.txt
androidmonks.com.example.tasko_app.MainActivity -> androidmonks.com.example.tasko_app.MainActivity:
    void <init>() -> <init>
    void onCreate(android.os.Bundle) -> onCreate
...
com.google.android.gms.internal.ads.zzud -> com.google.android.gms.internal.ads.bbj:
    com.google.android.gms.internal.ads.zzts zzbqv -> a
    void <init>(com.google.android.gms.internal.ads.zzts) -> <init>
    void zza(com.google.android.gms.internal.ads.zzom) -> a
com.google.android.gms.internal.ads.zzue -> com.google.android.gms.internal.ads.bbk:
    com.google.android.gms.internal.ads.zzom zzbqy -> a
    void <init>(com.google.android.gms.internal.ads.zzud,com.google.android.gms.internal.ads.zzom) -> <init>
    void zzb(com.google.android.gms.internal.ads.zzus) -> a
com.google.android.gms.internal.ads.zzuf -> com.google.android.gms.internal.ads.bbl:
    com.google.android.gms.internal.ads.zzts zzbqv -> a
    void <init>(com.google.android.gms.internal.ads.zzts) -> <init>
    void onAdClicked() -> a
com.google.android.gms.internal.ads.zzug -> com.google.android.gms.internal.ads.bbm:
    void <init>(com.google.android.gms.internal.ads.zzuf) -> <init>
    void zzb(com.google.android.gms.internal.ads.zzus) -> a
com.google.android.gms.internal.ads.zzuh -> com.google.android.gms.internal.ads.bbn:
    com.google.android.gms.internal.ads.zzts zzbqv -> a
    void <init>(com.google.android.gms.internal.ads.zzts) -> <init>
    void onRewardedVideoAdLoaded() -> a
    void onRewardedVideoAdOpened() -> b
    void onRewardedVideoStarted() -> c
    void onRewardedVideoAdClosed() -> d
    void zza(com.google.android.gms.internal.ads.zzahy) -> a
    void onRewardedVideoAdLeftApplication() -> e
    void onRewardedVideoAdFailedToLoad(int) -> a
    void onRewardedVideoCompleted() -> f
com.google.android.gms.internal.ads.zzui -> com.google.android.gms.internal.ads.bbo:
    void <init>(com.google.android.gms.internal.ads.zzuh) -> <init>
    void zzb(com.google.android.gms.internal.ads.zzus) -> a
com.google.android.gms.internal.ads.zzuj -> com.google.android.gms.internal.ads.bbp:
    void <init>(com.google.android.gms.internal.ads.zzuh) -> <init>
    void zzb(com.google.android.gms.internal.ads.zzus) -> a
com.google.android.gms.internal.ads.zzuk -> com.google.android.gms.internal.ads.bbq:
    void <init>(com.google.android.gms.internal.ads.zzuh) -> <init>
    void zzb(com.google.android.gms.internal.ads.zzus) -> a
com.google.android.gms.internal.ads.zzul -> com.google.android.gms.internal.ads.bbr:
    void <init>(com.google.android.gms.internal.ads.zzuh) -> <init>
    void zzb(com.google.android.gms.internal.ads.zzus) -> a
com.google.android.gms.internal.ads.zzum -> com.google.android.gms.internal.ads.bbs:
    com.google.android.gms.internal.ads.zzahy zzbqz -> a
    void <init>(com.google.android.gms.internal.ads.zzuh,com.google.android.gms.internal.ads.zzahy) -> <init>
    void zzb(com.google.android.gms.internal.ads.zzus) -> a
com.google.android.gms.internal.ads.zzun -> com.google.android.gms.internal.ads.bbt:
    void <init>(com.google.android.gms.internal.ads.zzuh) -> <init>
    void zzb(com.google.android.gms.internal.ads.zzus) -> a
com.google.android.gms.internal.ads.zzuo -> com.google.android.gms.internal.ads.bbu:
    int zzbqw -> a
    void <init>(com.google.android.gms.internal.ads.zzuh,int) -> <init>
    void zzb(com.google.android.gms.internal.ads.zzus) -> a
com.google.android.gms.internal.ads.zzup -> com.google.android.gms.internal.ads.bbv:
    void <init>(com.google.android.gms.internal.ads.zzuh) -> <init>
    void zzb(com.google.android.gms.internal.ads.zzus) -> a
com.google.android.gms.internal.ads.zzuq -> com.google.android.gms.internal.ads.bbw:
    com.google.android.gms.internal.ads.zzur zzbra -> a
    com.google.android.gms.internal.ads.zzus zzbrb -> b
    void <init>(com.google.android.gms.internal.ads.zzts,com.google.android.gms.internal.ads.zzur,com.google.android.gms.internal.ads.zzus) -> <init>
    void run() -> run
com.google.android.gms.internal.ads.zzur -> com.google.android.gms.internal.ads.bbx:
    void zzb(com.google.android.gms.internal.ads.zzus) -> a