taskoapp/build/app/outputs/mapping/release/usage.txt
androidmonks.com.example.tasko_app.BuildConfig
androidmonks.com.example.tasko_app.R
androidmonks.com.example.tasko_app.R$attr
androidmonks.com.example.tasko_app.R$bool
androidmonks.com.example.tasko_app.R$color
androidmonks.com.example.tasko_app.R$dimen
androidmonks.com.example.tasko_app.R$drawable
androidmonks.com.example.tasko_app.R$id
androidmonks.com.example.tasko_app.R$integer
androidmonks.com.example.tasko_app.R$layout
androidmonks.com.example.tasko_app.R$mipmap
androidmonks.com.example.tasko_app.R$string
androidmonks.com.example.tasko_app.R$style
androidmonks.com.example.tasko_app.R$styleable
...
android.support.v4.util.LruCache
android.support.v4.util.ObjectsCompat
android.support.v4.util.ObjectsCompat$1
android.support.v4.util.ObjectsCompat$ImplApi19
android.support.v4.util.ObjectsCompat$ImplBase
android.support.v4.util.Pair:
    34:37:public Pair(java.lang.Object,java.lang.Object)
    82:82:public static android.support.v4.util.Pair create(java.lang.Object,java.lang.Object)
android.support.v4.util.PatternsCompat
android.support.v4.util.Pools
android.support.v4.util.Pools$Pool
android.support.v4.util.Pools$SimplePool
android.support.v4.util.Pools$SynchronizedPool
android.support.v4.util.Preconditions
android.support.v4.util.SimpleArrayMap:
    private static final boolean DEBUG
    private static final java.lang.String TAG
    private static final boolean CONCURRENT_MODIFICATION_EXCEPTIONS
    private static final int BASE_SIZE
    private static final int CACHE_SIZE
    258:262:public SimpleArrayMap(android.support.v4.util.SimpleArrayMap)
    477:490:public void putAll(android.support.v4.util.SimpleArrayMap)
android.support.v4.util.SparseArrayCompat:
    119:123:public void removeAt(int)
    132:136:public void removeAtRange(int,int)
    263:268:public void setValueAt(int,java.lang.Object)
    294:302:public int indexOfValue(java.lang.Object)
    325:352:public void append(int,java.lang.Object)
android.support.v4.util.TimeUtils
android.support.v4.view.AbsSavedState
android.support.v4.view.AbsSavedState$1
android.support.v4.view.AbsSavedState$2
android.support.v4.view.AccessibilityDelegateCompat
android.support.v4.view.AccessibilityDelegateCompat$AccessibilityDelegateApi16Impl
android.support.v4.view.AccessibilityDelegateCompat$AccessibilityDelegateApi16Impl$1
android.support.v4.view.AccessibilityDelegateCompat$AccessibilityDelegateBaseImpl
android.support.v4.view.AccessibilityDelegateCompat$AccessibilityDelegateBaseImpl$1
android.support.v4.view.ActionProvider
android.support.v4.view.ActionProvider$SubUiVisibilityListener
android.support.v4.view.ActionProvider$VisibilityListener
android.support.v4.view.AsyncLayoutInflater
android.support.v4.view.AsyncLayoutInflater$1
android.support.v4.view.AsyncLayoutInflater$BasicInflater
android.support.v4.view.AsyncLayoutInflater$InflateRequest
android.support.v4.view.AsyncLayoutInflater$InflateThread
android.support.v4.view.AsyncLayoutInflater$OnInflateFinishedListener
android.support.v4.view.GestureDetectorCompat
android.support.v4.view.GestureDetectorCompat$GestureDetectorCompatImpl
android.support.v4.view.GestureDetectorCompat$GestureDetectorCompatImplBase
android.support.v4.view.GestureDetectorCompat$GestureDetectorCompatImplBase$GestureHandler
android.support.v4.view.GestureDetectorCompat$GestureDetectorCompatImplJellybeanMr2
android.support.v4.view.GravityCompat
android.support.v4.view.InputDeviceCompat
android.support.v4.view.KeyEventCompat
android.support.v4.view.LayoutInflaterCompat:
    private static final java.lang.String TAG
    150:151:private LayoutInflaterCompat()
    166:167:public static void setFactory(android.view.LayoutInflater,android.support.v4.view.LayoutInflaterFactory)
    196:196:public static android.support.v4.view.LayoutInflaterFactory getFactory(android.view.LayoutInflater)
android.support.v4.view.LayoutInflaterCompat$Factory2Wrapper
android.support.v4.view.LayoutInflaterCompat$LayoutInflaterCompatApi21Impl:
    129:130:public void setFactory(android.view.LayoutInflater,android.support.v4.view.LayoutInflaterFactory)
android.support.v4.view.LayoutInflaterCompat$LayoutInflaterCompatBaseImpl:
    95:98:public void setFactory(android.view.LayoutInflater,android.support.v4.view.LayoutInflaterFactory)
    116:120:public android.support.v4.view.LayoutInflaterFactory getFactory(android.view.LayoutInflater)
android.support.v4.view.LayoutInflaterFactory
android.support.v4.view.MarginLayoutParamsCompat
android.support.v4.view.MenuCompat
android.support.v4.view.MenuItemCompat
android.support.v4.view.MenuItemCompat$1